{"message":"Server listening on port: 5000","level":"info","service":"face-bot-logger"}
{"message":"Server listening on port: 5000","level":"info","service":"face-bot-logger"}
{"level":"info","message":"Server started on port: 5000","service":"face-bot-logger"}
{"level":"info","message":"Server started on port: 5000","service":"face-bot-logger"}
{"level":"info","message":"Server started on port: 5000","service":"face-bot-logger"}
{"level":"info","message":"Server started on port: 5000","service":"face-bot-logger"}
{"level":"info","message":"Server started on port: 5000","service":"face-bot-logger"}
{"level":"info","message":"Server started on port: 5000","service":"face-bot-logger"}
{"level":"info","message":"Server started on port: 5000","service":"face-bot-logger"}
{"level":"info","message":"Server started on port: 5000","service":"face-bot-logger"}
{"level":"info","message":"Server started on port: 5000","service":"face-bot-logger"}
{"level":"info","message":"Server started on port: 5000","service":"face-bot-logger"}
{"level":"info","message":"Server started on port: 5000","service":"face-bot-logger"}
{"level":"info","message":"Server started on port: 5000","service":"face-bot-logger"}
{"level":"info","message":"Server started on port: 5000","service":"face-bot-logger"}
{"level":"info","message":"Server started on port: 5000","service":"face-bot-logger"}
{"level":"info","message":"Server started on port: 5000","service":"face-bot-logger"}
{"level":"info","message":"Server started on port: 5000","service":"face-bot-logger"}
{"level":"info","message":"Server started on port: 5000","service":"face-bot-logger"}
{"level":"info","message":"Server started on port: 5000","service":"face-bot-logger"}
{"level":"info","message":"Server started on port: 5000","service":"face-bot-logger"}
{"level":"info","message":"Server started on port: 5000","service":"face-bot-logger"}
{"level":"info","message":"Server started on port: 5000","service":"face-bot-logger"}
{"level":"info","message":"Server started on port: 5000","service":"face-bot-logger"}
{"level":"info","message":"Connected to db","service":"face-bot-logger"}
{"level":"info","message":"Server started on port: 5000","service":"face-bot-logger"}
{"level":"info","message":"Connected to db","service":"face-bot-logger"}
{"level":"info","message":"Server started on port: 5000","service":"face-bot-logger"}
{"level":"info","message":"Connected to db","service":"face-bot-logger"}
{"level":"info","message":"Server started on port: 5000","service":"face-bot-logger"}
{"level":"info","message":"Connected to db","service":"face-bot-logger"}
{"level":"info","message":"Server started on port: 5000","service":"face-bot-logger"}
{"level":"info","message":"Connected to db","service":"face-bot-logger"}
{"level":"info","message":"Server started on port: 5000","service":"face-bot-logger"}
{"level":"info","message":"Connected to db","service":"face-bot-logger"}
{"level":"info","message":"Server started on port: 5000","service":"face-bot-logger"}
{"level":"info","message":"Connected to db","service":"face-bot-logger"}
{"level":"info","message":"Server started on port: 5000","service":"face-bot-logger"}
{"level":"info","message":"Connected to db","service":"face-bot-logger"}
{"level":"info","message":"Server started on port: 5000","service":"face-bot-logger"}
{"level":"info","message":"Connected to db","service":"face-bot-logger"}
{"level":"info","message":"Server started on port: 5000","service":"face-bot-logger"}
{"level":"info","message":"Connected to db","service":"face-bot-logger"}
{"level":"info","message":"Server started on port: 5000","service":"face-bot-logger"}
{"level":"info","message":"Connected to db","service":"face-bot-logger"}
{"level":"info","message":"Server started on port: 5000","service":"face-bot-logger"}
{"level":"info","message":"Connected to db","service":"face-bot-logger"}
{"level":"info","message":"Server started on port: 5000","service":"face-bot-logger"}
{"level":"info","message":"Server started on port: 5000","service":"face-bot-logger"}
{"level":"info","message":"Connected to db","service":"face-bot-logger"}
{"level":"info","message":"Server started on port: 5000","service":"face-bot-logger"}
{"level":"info","message":"Connected to db","service":"face-bot-logger"}
{"level":"info","message":"Server started on port: 5000","service":"face-bot-logger"}
{"level":"info","message":"Connected to db","service":"face-bot-logger"}
{"level":"info","message":"Server started on port: 5000","service":"face-bot-logger"}
{"level":"info","message":"Connected to db","service":"face-bot-logger"}
{"level":"info","message":"Server started on port: 5000","service":"face-bot-logger"}
{"level":"info","message":"Connected to db","service":"face-bot-logger"}
{"level":"info","message":"Server started on port: 5000","service":"face-bot-logger"}
{"level":"info","message":"Connected to db","service":"face-bot-logger"}
{"level":"info","message":"Server started on port: 5000","service":"face-bot-logger"}
{"level":"info","message":"Connected to db","service":"face-bot-logger"}
{"level":"info","message":"Server started on port: 5000","service":"face-bot-logger"}
{"level":"info","message":"Connected to db","service":"face-bot-logger"}
{"level":"info","message":"Server started on port: 5000","service":"face-bot-logger"}
{"level":"info","message":"Connected to db","service":"face-bot-logger"}
{"level":"info","message":"Server started on port: 5000","service":"face-bot-logger"}
{"level":"info","message":"Connected to db","service":"face-bot-logger"}
{"level":"info","message":"Server started on port: 5000","service":"face-bot-logger"}
{"level":"info","message":"Connected to db","service":"face-bot-logger"}
{"level":"info","message":"Server started on port: 5000","service":"face-bot-logger"}
{"level":"info","message":"Connected to db","service":"face-bot-logger"}
{"level":"info","message":"Server started on port: 5000","service":"face-bot-logger"}
{"level":"info","message":"Connected to db","service":"face-bot-logger"}
{"level":"info","message":"Server started on port: 5000","service":"face-bot-logger"}
{"level":"info","message":"Connected to db","service":"face-bot-logger"}
{"level":"info","message":"Server started on port: 5000","service":"face-bot-logger"}
{"level":"info","message":"Connected to db","service":"face-bot-logger"}
{"level":"info","message":"Server started on port: 5000","service":"face-bot-logger"}
{"level":"info","message":"Connected to db","service":"face-bot-logger"}
{"level":"info","service":"face-bot-logger"}
{"level":"info","message":"Server started on port: 5000","service":"face-bot-logger"}
{"level":"info","message":"Connected to db","service":"face-bot-logger"}
{"level":"info","message":{},"service":"face-bot-logger"}
{"level":"info","message":"Server started on port: 5000","service":"face-bot-logger"}
{"level":"info","message":"Connected to db","service":"face-bot-logger"}
{"level":"info","message":{},"service":"face-bot-logger"}
{"level":"info","message":"Server started on port: 5000","service":"face-bot-logger"}
{"level":"info","message":"Connected to db","service":"face-bot-logger"}
{"level":"info","message":{"email":"a@a.com","name":"Johnathy","password":"12345678"},"service":"face-bot-logger"}
{"level":"info","message":"Server started on port: 5000","service":"face-bot-logger"}
{"level":"info","message":"Connected to db","service":"face-bot-logger"}
{"level":"info","message":"Server started on port: 5000","service":"face-bot-logger"}
{"level":"info","message":"Connected to db","service":"face-bot-logger"}
{"level":"info","message":"Server started on port: 5000","service":"face-bot-logger"}
{"level":"info","message":"Connected to db","service":"face-bot-logger"}
{"level":"info","message":"Server started on port: 5000","service":"face-bot-logger"}
{"level":"info","message":"Connected to db","service":"face-bot-logger"}
